<?xml version="1.0" encoding="UTF-8"?>
<!-- Generated by org.testng.reporters.JUnitXMLReporter -->
<testsuite ignored="0" hostname="SATISH-GUDALA" failures="0" tests="4" name="Test" time="0.05" errors="0" timestamp="18 Jul 2023 07:37:24 GMT">
  <testcase classname="testNGpractice.PriorityTest" name="testsix" time="0.01"/>
  <testcase classname="testNGpractice.PriorityTest" name="testOne" time="0.003"/>
  <testcase classname="testNGpractice.PriorityTest" name="testTwo" time="0.002"/>
  <testcase classname="testNGpractice.PriorityTest" name="testThree" time="0.002"/>
</testsuite> <!-- Test -->
