<?xml version="1.0" encoding="UTF-8"?>
<testng-results ignored="0" total="4" passed="4" failed="0" skipped="0">
  <reporter-output>
  </reporter-output>
  <suite started-at="2023-07-18T07:37:24Z" name="Suite" finished-at="2023-07-18T07:37:24Z" duration-ms="50">
    <groups>
    </groups>
    <test started-at="2023-07-18T07:37:24Z" name="Test" finished-at="2023-07-18T07:37:24Z" duration-ms="50">
      <class name="testNGpractice.PriorityTest">
        <test-method signature="testsix()[pri:0, instance:testNGpractice.PriorityTest@60f00693]" started-at="2023-07-18T07:37:24Z" name="testsix" finished-at="2023-07-18T07:37:24Z" duration-ms="10" status="PASS">
          <reporter-output>
          </reporter-output>
        </test-method> <!-- testsix -->
        <test-method signature="testOne()[pri:1, instance:testNGpractice.PriorityTest@60f00693]" started-at="2023-07-18T07:37:24Z" name="testOne" finished-at="2023-07-18T07:37:24Z" duration-ms="3" status="PASS">
          <reporter-output>
          </reporter-output>
        </test-method> <!-- testOne -->
        <test-method signature="testTwo()[pri:2, instance:testNGpractice.PriorityTest@60f00693]" started-at="2023-07-18T07:37:24Z" name="testTwo" finished-at="2023-07-18T07:37:24Z" duration-ms="2" status="PASS">
          <reporter-output>
          </reporter-output>
        </test-method> <!-- testTwo -->
        <test-method signature="testThree()[pri:3, instance:testNGpractice.PriorityTest@60f00693]" started-at="2023-07-18T07:37:24Z" name="testThree" finished-at="2023-07-18T07:37:24Z" duration-ms="2" status="PASS">
          <reporter-output>
          </reporter-output>
        </test-method> <!-- testThree -->
      </class> <!-- testNGpractice.PriorityTest -->
    </test> <!-- Test -->
  </suite> <!-- Suite -->
</testng-results>
